0 info it worked if it ends with ok
1 verbose cli [ '/usr/local/bin/node', '/usr/local/bin/npm', 'start' ]
2 info using npm@3.3.12
3 info using node@v5.4.1
4 verbose run-script [ 'prestart', 'start', 'poststart' ]
5 info lifecycle devfuze_scrum_poker@0.0.1~prestart: devfuze_scrum_poker@0.0.1
6 silly lifecycle devfuze_scrum_poker@0.0.1~prestart: no script for prestart, continuing
7 info lifecycle devfuze_scrum_poker@0.0.1~start: devfuze_scrum_poker@0.0.1
8 verbose lifecycle devfuze_scrum_poker@0.0.1~start: unsafe-perm in lifecycle true
9 verbose lifecycle devfuze_scrum_poker@0.0.1~start: PATH: /usr/local/lib/node_modules/npm/bin/node-gyp-bin:/Users/wolv/Projects/devfuze_scrum_poker/Server/node_modules/.bin:/Users/wolv/.composer/vendor/bin:/Users/wolv/bin:/opt/local/bin:/opt/local/sbin:/opt/local/lib/percona/bin:/usr/local/bin:/usr/bin:/bin:/usr/sbin:/sbin:/opt/local/bin
10 verbose lifecycle devfuze_scrum_poker@0.0.1~start: CWD: /Users/wolv/Projects/devfuze_scrum_poker/Server
11 silly lifecycle devfuze_scrum_poker@0.0.1~start: Args: [ '-c', 'node main.js' ]
12 silly lifecycle devfuze_scrum_poker@0.0.1~start: Returned: code: 1  signal: null
13 info lifecycle devfuze_scrum_poker@0.0.1~start: Failed to exec start script
14 verbose stack Error: devfuze_scrum_poker@0.0.1 start: `node main.js`
14 verbose stack Exit status 1
14 verbose stack     at EventEmitter.<anonymous> (/usr/local/lib/node_modules/npm/lib/utils/lifecycle.js:232:16)
14 verbose stack     at emitTwo (events.js:87:13)
14 verbose stack     at EventEmitter.emit (events.js:172:7)
14 verbose stack     at ChildProcess.<anonymous> (/usr/local/lib/node_modules/npm/lib/utils/spawn.js:24:14)
14 verbose stack     at emitTwo (events.js:87:13)
14 verbose stack     at ChildProcess.emit (events.js:172:7)
14 verbose stack     at maybeClose (internal/child_process.js:821:16)
14 verbose stack     at Process.ChildProcess._handle.onexit (internal/child_process.js:211:5)
15 verbose pkgid devfuze_scrum_poker@0.0.1
16 verbose cwd /Users/wolv/Projects/devfuze_scrum_poker/Server
17 error Darwin 15.2.0
18 error argv "/usr/local/bin/node" "/usr/local/bin/npm" "start"
19 error node v5.4.1
20 error npm  v3.3.12
21 error code ELIFECYCLE
22 error devfuze_scrum_poker@0.0.1 start: `node main.js`
22 error Exit status 1
23 error Failed at the devfuze_scrum_poker@0.0.1 start script 'node main.js'.
23 error Make sure you have the latest version of node.js and npm installed.
23 error If you do, this is most likely a problem with the devfuze_scrum_poker package,
23 error not with npm itself.
23 error Tell the author that this fails on your system:
23 error     node main.js
23 error You can get their info via:
23 error     npm owner ls devfuze_scrum_poker
23 error There is likely additional logging output above.
24 verbose exit [ 1, true ]
